2025-01-22 15:48:07,544 utils load_json INFO: Функция начала свою работу
2025-01-22 15:48:07,545 utils load_json INFO: Функция успешно завершила свою работу.
2025-01-22 15:48:07,550 utils load_data_from_excel INFO: Функция начала свою работу.
2025-01-22 15:48:10,134 utils load_data_from_excel INFO: Файл успешно открыт
2025-01-22 15:48:10,134 utils load_data_from_excel INFO: Функция успешно завершила свою работу.
2025-01-22 15:48:12,818 views generator_json_data INFO: Функция начала свою работу.
2025-01-22 15:48:12,818 utils get_greeting INFO: Функция начала свою работу.
2025-01-22 15:48:12,818 utils get_greeting INFO: Функция успешно завершила свою работу.
2025-01-22 15:48:12,818 utils get_top_transactions INFO: Функция начала свою работу.
2025-01-22 15:48:14,863 utils filter_transactions_by_date INFO: Функция начала свою работу.
2025-01-22 15:48:14,907 utils filter_transactions_by_date INFO: Функция успешно завершила свою работу.
2025-01-22 15:48:14,913 utils get_top_transactions INFO: Функция успешно завершила свою работу.
2025-01-22 15:48:14,915 utils filter_transactions_by_card INFO: Функция начала свою работу.
2025-01-22 15:48:14,915 utils filter_transactions_by_date INFO: Функция начала свою работу.
2025-01-22 15:48:14,951 utils filter_transactions_by_date INFO: Функция успешно завершила свою работу.
2025-01-22 15:48:14,956 utils filter_transactions_by_card INFO: Функция обрабатывает данные транзакций.
2025-01-22 15:48:14,956 utils filter_transactions_by_card INFO: Функция успешно завершила свою работу.
2025-01-22 15:48:14,956 utils fetch_exchange_rates INFO: Функция начала свою работу
2025-01-22 15:48:15,927 utils fetch_exchange_rates INFO: Функция успешно завершила свою работу.
2025-01-22 15:48:15,928 utils get_stocks INFO: Функция начала свою работу
2025-01-22 15:48:19,513 utils get_stocks INFO: Функция успешно завершила свою работу.
2025-01-22 15:48:19,515 views generator_json_data INFO: Функция успешно завершила свою работу.
